Project Library Creation Log File 1/6/2010 11:27:26 AM
EAGLE Version 5.6.0 Copyright (c) 1988-2009 CadSoft
Created from: LUZES_18Fv3.sch

LIBRARY: con-molex.lbr
   PAC: 22-23-2041
   PAC: 22-23-2051
   SYM: M
   SYM: MV
   DEV: 22-23-2041
   DEV: 22-23-2051
LIBRARY: crystal.lbr
   PAC: 86SMX
   PAC: CTS406
   PAC: HC13U-H
   PAC: HC18U-H
   PAC: HC18U-V
   PAC: HC33U-H
   PAC: HC33U-V
   PAC: HC49/S
   PAC: HC49GW
   PAC: HC49TL-H
   PAC: HC49U-H
   PAC: HC49U-LM
   PAC: HC49U-V
   PAC: HC49U70
   PAC: HC49UP
   PAC: MM20SS
   PAC: MM39SL
   PAC: SM49
   PAC: TC26H
   PAC: TC26V
   PAC: TC38H
   SYM: Q
   DEV: CRYSTAL
LIBRARY: diode.lbr
   PAC: DO35-10
   SYM: D
   DEV: 1N4148
LIBRARY: ic-package.lbr
   PAC: DIL06
   PAC: DIL06-4
   PAC: SOCKED-06
   SYM: DIL6
   DEV: DIL6
LIBRARY: jumper.lbr
   PAC: JP1
   SYM: JP2E
   DEV: JP1E
LIBRARY: led.lbr
   PAC: 1206
   PAC: CHIP-LED0603
   PAC: CHIP-LED0805
   PAC: CHIPLED-0603-TTW
   PAC: CHIPLED_0603
   PAC: CHIPLED_0805
   PAC: CHIPLED_1206
   PAC: IRL80A
   PAC: LD260
   PAC: LED2X5
   PAC: LED3MM
   PAC: LED5MM
   PAC: LSU260
   PAC: LZR181
   PAC: MICRO-SIDELED
   PAC: MINI-TOPLED-SANTANA
   PAC: OSRAM-MINI-TOP-LED
   PAC: OSRAM-SIDELED
   PAC: P-LCC-2
   PAC: P-LCC-2-TOPLED-RG
   PAC: P-LCC-4
   PAC: Q62902-B152
   PAC: Q62902-B153
   PAC: Q62902-B155
   PAC: Q62902-B156
   PAC: SFH480
   PAC: SFH482
   PAC: SMART-LED
   PAC: SMARTLED-TTW
   PAC: U57X32
   SYM: LED
   DEV: LED
LIBRARY: maxim.lbr
   PAC: SSOP20
   PAC: SSOP20_SMALL
   SYM: MAX6818_2
   DEV: MAX6818
LIBRARY: micro-philips.lbr
   PAC: DIL08
   SYM: P82C250
   DEV: PCA82C250
LIBRARY: microchip.lbr
   PAC: TQFP44
   SYM: PIC18F4682_85TQFP
   DEV: PIC18F4682_85TQFP
LIBRARY: mycomponents.lbr
   PAC: CTB9550-2
   PAC: CTB9550-4
   PAC: CTB9550-8
   SYM: M
   SYM: MV
   DEV: CTB9550-2
   DEV: CTB9550-4
   DEV: CTB9550-8
LIBRARY: optocoupler.lbr
   PAC: DIL08
   SYM: 138
   DEV: 6N138
LIBRARY: rcl.lbr
   PAC: 085CS_1AR
   PAC: 085CS_1AW
   PAC: 085CS_1R
   PAC: 085CS_1W
   PAC: 139CLL-2R
   PAC: 139CLL-2W
   PAC: 139CLL-3R
   PAC: 139CLL-3W
   PAC: 140CLH-0810
   PAC: 140CLH-1010
   PAC: 140CLH-1014
   PAC: 150CLZ-0810
   PAC: 150CLZ-1010
   PAC: 150CLZ-1014
   PAC: 153CLV-0405
   PAC: 153CLV-0505
   PAC: 153CLV-0605
   PAC: 153CLV-0807
   PAC: 153CLV-0810
   PAC: 153CLV-1010
   PAC: 153CLV-1012
   PAC: 153CLV-1014
   PAC: 175TMP-0808
   PAC: 175TMP-0810
   PAC: 0204/5
   PAC: 0204/7
   PAC: 0204V
   PAC: 0207/2V
   PAC: 0207/5V
   PAC: 0207/7
   PAC: 0207/10
   PAC: 0207/12
   PAC: 0207/15
   PAC: 0309/10
   PAC: 0309/12
   PAC: 0309V
   PAC: 0411/12
   PAC: 0411/15
   PAC: 0411V
   PAC: 0414/15
   PAC: 0414V
   PAC: 0617/17
   PAC: 0617/22
   PAC: 0617V
   PAC: 0922/22
   PAC: 0922V
   PAC: A/3216-18R
   PAC: A/3216-18W
   PAC: B/3528-21R
   PAC: B/3528-21W
   PAC: B45181A
   PAC: B45181B
   PAC: B45181C
   PAC: B45181D
   PAC: C/6032-28R
   PAC: C/6032-28W
   PAC: C025-024X044
   PAC: C025-025X050
   PAC: C025-030X050
   PAC: C025-040X050
   PAC: C025-050X050
   PAC: C025-060X050
   PAC: C025_050-024X070
   PAC: C025_050-025X075
   PAC: C025_050-035X075
   PAC: C025_050-045X075
   PAC: C025_050-055X075
   PAC: C050-024X044
   PAC: C050-025X075
   PAC: C050-030X075
   PAC: C050-035X075
   PAC: C050-045X075
   PAC: C050-050X075
   PAC: C050-055X075
   PAC: C050-075X075
   PAC: C050H075X075
   PAC: C075-032X103
   PAC: C075-042X103
   PAC: C075-052X106
   PAC: C075-063X106
   PAC: C102-043X133
   PAC: C102-054X133
   PAC: C102-064X133
   PAC: C102_152-062X184
   PAC: C150-054X183
   PAC: C150-064X183
   PAC: C150-072X183
   PAC: C150-084X183
   PAC: C150-091X182
   PAC: C0201
   PAC: C225-062X268
   PAC: C225-074X268
   PAC: C225-087X268
   PAC: C225-108X268
   PAC: C225-113X268
   PAC: C275-093X316
   PAC: C275-113X316
   PAC: C275-134X316
   PAC: C275-154X316
   PAC: C275-173X316
   PAC: C275-205X316
   PAC: C325-137X374
   PAC: C325-162X374
   PAC: C325-182X374
   PAC: C375-155X418
   PAC: C375-192X418
   PAC: C375-203X418
   PAC: C0402
   PAC: C0402K
   PAC: C0504
   PAC: C0603
   PAC: C0603K
   PAC: C0805
   PAC: C0805K
   PAC: C1005
   PAC: C1206
   PAC: C1206K
   PAC: C1210
   PAC: C1210K
   PAC: C1310
   PAC: C1608
   PAC: C1812
   PAC: C1812K
   PAC: C1825
   PAC: C1825K
   PAC: C2012
   PAC: C2220K
   PAC: C2225K
   PAC: C3216
   PAC: C3225
   PAC: C4532
   PAC: C4564
   PAC: CT3216
   PAC: CT3528
   PAC: CT6032
   PAC: CT7343
   PAC: D/7343-31R
   PAC: D/7343-31W
   PAC: E/7260-38R
   PAC: E/7260-38W
   PAC: E1,8-4
   PAC: E2,5-4R
   PAC: E2,5-5
   PAC: E2,5-6
   PAC: E2,5-6E
   PAC: E2,5-7
   PAC: E2,5RE
   PAC: E2-4
   PAC: E2-5
   PAC: E3,5-8
   PAC: E3,5-10
   PAC: E5-4
   PAC: E5-5
   PAC: E5-6
   PAC: E5-8,5
   PAC: E5-10,5
   PAC: E5-13
   PAC: E5R
   PAC: E7,5-16
   PAC: E7,5-18
   PAC: E15-5
   PAC: E15-6
   PAC: E15-9
   PAC: E22-6
   PAC: E22-9
   PAC: E22-10
   PAC: E25-9
   PAC: E25-10
   PAC: E30-10
   PAC: E30-12
   PAC: E30-16
   PAC: E35-12
   PAC: E35-14
   PAC: E35-16
   PAC: E35-18
   PAC: E45-16
   PAC: E45-18
   PAC: E45-21
   PAC: E45-22
   PAC: E45-25
   PAC: E50-25
   PAC: E50-30
   PAC: E55-25
   PAC: E55-30
   PAC: EB20D
   PAC: EB22,5D
   PAC: EB25D
   PAC: EB30D
   PAC: EB35D
   PAC: ETR1
   PAC: ETR2
   PAC: ETR3
   PAC: ETR4
   PAC: ETR5
   PAC: HPC0201
   PAC: M0805
   PAC: M1206
   PAC: M1406
   PAC: M2012
   PAC: M2309
   PAC: M3216
   PAC: M3516
   PAC: M5923
   PAC: MINI_MELF-0102AX
   PAC: MINI_MELF-0102R
   PAC: MINI_MELF-0102W
   PAC: MINI_MELF-0204R
   PAC: MINI_MELF-0204W
   PAC: MINI_MELF-0207R
   PAC: MINI_MELF-0207W
   PAC: P128-35
   PAC: P128-40
   PAC: P128-50
   PAC: P128-60
   PAC: P0613/15
   PAC: P0613V
   PAC: P0817/22
   PAC: P0817V
   PAC: PANASONIC_A
   PAC: PANASONIC_B
   PAC: PANASONIC_C
   PAC: PANASONIC_D
   PAC: PANASONIC_E
   PAC: PANASONIC_F
   PAC: PANASONIC_G
   PAC: R/2012-12R
   PAC: R/2012-12W
   PAC: R0201
   PAC: R0402
   PAC: R0603
   PAC: R0805
   PAC: R0805W
   PAC: R1005
   PAC: R1206
   PAC: R1206W
   PAC: R1210
   PAC: R1210W
   PAC: R1218
   PAC: R2010
   PAC: R2010W
   PAC: R2012
   PAC: R2012W
   PAC: R2512
   PAC: R2512W
   PAC: R3216
   PAC: R3216W
   PAC: R3225
   PAC: R3225W
   PAC: R4527
   PAC: R5025
   PAC: R5025W
   PAC: R6332
   PAC: R6332W
   PAC: RDH/15
   PAC: SANYO-OSCON_9E
   PAC: SANYO-OSCON_9F
   PAC: SANYO-OSCON_A
   PAC: SANYO-OSCON_A'
   PAC: SANYO-OSCON_B
   PAC: SANYO-OSCON_B'
   PAC: SANYO-OSCON_C
   PAC: SANYO-OSCON_C'
   PAC: SANYO-OSCON_C6
   PAC: SANYO-OSCON_D
   PAC: SANYO-OSCON_E
   PAC: SANYO-OSCON_E'
   PAC: SANYO-OSCON_E1
   PAC: SANYO-OSCON_E7
   PAC: SANYO-OSCON_E9
   PAC: SANYO-OSCON_E12
   PAC: SANYO-OSCON_E13
   PAC: SANYO-OSCON_F
   PAC: SANYO-OSCON_F'
   PAC: SANYO-OSCON_F0
   PAC: SANYO-OSCON_F8
   PAC: SANYO-OSCON_F13
   PAC: SANYO-OSCON_G
   PAC: SANYO-OSCON_H
   PAC: SANYO-OSCON_SMD_A5
   PAC: SANYO-OSCON_SMD_B6
   PAC: SANYO-OSCON_SMD_C6
   PAC: SANYO-OSCON_SMD_E7
   PAC: SANYO-OSCON_SMD_E12
   PAC: SANYO-OSCON_SMD_F8
   PAC: SANYO-OSCON_SMD_F12
   PAC: SMC_A
   PAC: SMC_B
   PAC: SMC_C
   PAC: SMC_D
   PAC: SMC_E
   PAC: SMC_P
   PAC: SMC_Z
   PAC: TAP5-45
   PAC: TAP5-50
   PAC: TAP5-60
   PAC: TAP5-70
   PAC: TAP5-80
   PAC: TT2D4
   PAC: TT2D4L
   PAC: TT2D5
   PAC: TT2D5L
   PAC: TT2D6
   PAC: TT2D6L
   PAC: TT2D7
   PAC: TT2D7L
   PAC: TT5D6
   PAC: TT5D6L
   PAC: TT5D7
   PAC: TT5D7L
   PAC: TT5D9
   PAC: TT5D9L
   PAC: TT5D10
   PAC: TT5D11
   PAC: TT5D11L
   PAC: V234/12
   PAC: V235/17
   PAC: V526-0
   PAC: VMTA55
   PAC: VMTB60
   PAC: VTA52
   PAC: VTA53
   PAC: VTA54
   PAC: VTA55
   PAC: VTA56
   PAC: WSC0001
   PAC: WSC01/2
   PAC: WSC0002
   PAC: WSC2515
   PAC: WSC4527
   PAC: WSC6927
   SYM: C-EU
   SYM: CPOL
   SYM: R-EU
   DEV: C-EU
   DEV: CPOL-EU
   DEV: R-EU_
LIBRARY: rectifier.lbr
   PAC: DB
   PAC: DBS
   SYM: DB
   DEV: DB?*G
LIBRARY: supply1.lbr
   SYM: +5V
   SYM: +18V
   SYM: GND
   DEV: +5V
   DEV: +18V
   DEV: GND
LIBRARY: triac.lbr
   PAC: TO220DS
   SYM: TRIAC
   DEV: TIC225S
LIBRARY: v-reg.lbr
   PAC: 78XXS
   SYM: 78XX
   DEV: 78XXS
